<?xml version="1.0" encoding="UTF-8"?>
<coverage generated="1774235166074" clover="3.2.0">
  <project timestamp="1774235166074" name="All files">
    <metrics statements="39" coveredstatements="36" conditionals="25" coveredconditionals="24" methods="26" coveredmethods="23" elements="90" coveredelements="83" complexity="0" loc="39" ncloc="39" packages="8" files="17" classes="17"/>
    <package name="public.locales.en">
      <metrics statements="0" coveredstatements="0" conditionals="0" coveredconditionals="0" methods="0" coveredmethods="0"/>
      <file name="common.json" path="C:\Users\wcmch\claude_projects\wcm_portfolio_site\public\locales\en\common.json">
        <metrics statements="0" coveredstatements="0" conditionals="0" coveredconditionals="0" methods="0" coveredmethods="0"/>
      </file>
      <file name="home.json" path="C:\Users\wcmch\claude_projects\wcm_portfolio_site\public\locales\en\home.json">
        <metrics statements="0" coveredstatements="0" conditionals="0" coveredconditionals="0" methods="0" coveredmethods="0"/>
      </file>
      <file name="resume.json" path="C:\Users\wcmch\claude_projects\wcm_portfolio_site\public\locales\en\resume.json">
        <metrics statements="0" coveredstatements="0" conditionals="0" coveredconditionals="0" methods="0" coveredmethods="0"/>
      </file>
    </package>
    <package name="src.components.home">
      <metrics statements="6" coveredstatements="5" conditionals="0" coveredconditionals="0" methods="6" coveredmethods="5"/>
      <file name="ContactBar.jsx" path="C:\Users\wcmch\claude_projects\wcm_portfolio_site\src\components\home\ContactBar.jsx">
        <metrics statements="1" coveredstatements="1" conditionals="0" coveredconditionals="0" methods="1" coveredmethods="1"/>
        <line num="2" count="5" type="stmt"/>
      </file>
      <file name="HeroSection.jsx" path="C:\Users\wcmch\claude_projects\wcm_portfolio_site\src\components\home\HeroSection.jsx">
        <metrics statements="2" coveredstatements="1" conditionals="0" coveredconditionals="0" methods="2" coveredmethods="1"/>
        <line num="4" count="9" type="stmt"/>
        <line num="49" count="0" type="stmt"/>
      </file>
      <file name="SkillsSection.jsx" path="C:\Users\wcmch\claude_projects\wcm_portfolio_site\src\components\home\SkillsSection.jsx">
        <metrics statements="3" coveredstatements="3" conditionals="0" coveredconditionals="0" methods="3" coveredmethods="3"/>
        <line num="4" count="9" type="stmt"/>
        <line num="25" count="72" type="stmt"/>
        <line num="41" count="72" type="stmt"/>
      </file>
    </package>
    <package name="src.components.layout">
      <metrics statements="13" coveredstatements="11" conditionals="10" coveredconditionals="9" methods="9" coveredmethods="7"/>
      <file name="Footer.jsx" path="C:\Users\wcmch\claude_projects\wcm_portfolio_site\src\components\layout\Footer.jsx">
        <metrics statements="1" coveredstatements="1" conditionals="0" coveredconditionals="0" methods="1" coveredmethods="1"/>
        <line num="2" count="8" type="stmt"/>
      </file>
      <file name="Navbar.jsx" path="C:\Users\wcmch\claude_projects\wcm_portfolio_site\src\components\layout\Navbar.jsx">
        <metrics statements="12" coveredstatements="10" conditionals="10" coveredconditionals="9" methods="8" coveredmethods="6"/>
        <line num="5" count="16" type="stmt"/>
        <line num="7" count="16" type="stmt"/>
        <line num="8" count="12" type="stmt"/>
        <line num="9" count="1" type="cond" truecount="1" falsecount="1"/>
        <line num="11" count="12" type="stmt"/>
        <line num="12" count="12" type="stmt"/>
        <line num="15" count="16" type="stmt"/>
        <line num="16" count="38" type="stmt"/>
        <line num="22" count="16" type="stmt"/>
        <line num="70" count="3" type="stmt"/>
        <line num="116" count="0" type="stmt"/>
        <line num="125" count="0" type="stmt"/>
      </file>
    </package>
    <package name="src.components.resume">
      <metrics statements="9" coveredstatements="9" conditionals="13" coveredconditionals="13" methods="8" coveredmethods="8"/>
      <file name="ExperienceItem.jsx" path="C:\Users\wcmch\claude_projects\wcm_portfolio_site\src\components\resume\ExperienceItem.jsx">
        <metrics statements="6" coveredstatements="6" conditionals="13" coveredconditionals="13" methods="5" coveredmethods="5"/>
        <line num="8" count="62" type="stmt"/>
        <line num="9" count="62" type="stmt"/>
        <line num="37" count="37" type="stmt"/>
        <line num="58" count="72" type="stmt"/>
        <line num="74" count="43" type="stmt"/>
        <line num="84" count="106" type="stmt"/>
      </file>
      <file name="ExperienceList.jsx" path="C:\Users\wcmch\claude_projects\wcm_portfolio_site\src\components\resume\ExperienceList.jsx">
        <metrics statements="2" coveredstatements="2" conditionals="0" coveredconditionals="0" methods="2" coveredmethods="2"/>
        <line num="5" count="7" type="stmt"/>
        <line num="15" count="28" type="stmt"/>
      </file>
      <file name="ResumeSummary.jsx" path="C:\Users\wcmch\claude_projects\wcm_portfolio_site\src\components\resume\ResumeSummary.jsx">
        <metrics statements="1" coveredstatements="1" conditionals="0" coveredconditionals="0" methods="1" coveredmethods="1"/>
        <line num="2" count="7" type="stmt"/>
      </file>
    </package>
    <package name="src.data">
      <metrics statements="3" coveredstatements="3" conditionals="0" coveredconditionals="0" methods="0" coveredmethods="0"/>
      <file name="experience.js" path="C:\Users\wcmch\claude_projects\wcm_portfolio_site\src\data\experience.js">
        <metrics statements="1" coveredstatements="1" conditionals="0" coveredconditionals="0" methods="0" coveredmethods="0"/>
        <line num="1" count="3" type="stmt"/>
      </file>
      <file name="skills.js" path="C:\Users\wcmch\claude_projects\wcm_portfolio_site\src\data\skills.js">
        <metrics statements="2" coveredstatements="2" conditionals="0" coveredconditionals="0" methods="0" coveredmethods="0"/>
        <line num="1" count="4" type="stmt"/>
        <line num="12" count="4" type="stmt"/>
      </file>
    </package>
    <package name="src.hooks">
      <metrics statements="5" coveredstatements="5" conditionals="2" coveredconditionals="2" methods="1" coveredmethods="1"/>
      <file name="useDateRange.js" path="C:\Users\wcmch\claude_projects\wcm_portfolio_site\src\hooks\useDateRange.js">
        <metrics statements="5" coveredstatements="5" conditionals="2" coveredconditionals="2" methods="1" coveredmethods="1"/>
        <line num="12" count="67" type="stmt"/>
        <line num="14" count="67" type="stmt"/>
        <line num="21" count="67" type="stmt"/>
        <line num="22" count="67" type="cond" truecount="2" falsecount="0"/>
        <line num="26" count="67" type="stmt"/>
      </file>
    </package>
    <package name="src.pages">
      <metrics statements="2" coveredstatements="2" conditionals="0" coveredconditionals="0" methods="2" coveredmethods="2"/>
      <file name="Home.jsx" path="C:\Users\wcmch\claude_projects\wcm_portfolio_site\src\pages\Home.jsx">
        <metrics statements="1" coveredstatements="1" conditionals="0" coveredconditionals="0" methods="1" coveredmethods="1"/>
        <line num="6" count="5" type="stmt"/>
      </file>
      <file name="Resume.jsx" path="C:\Users\wcmch\claude_projects\wcm_portfolio_site\src\pages\Resume.jsx">
        <metrics statements="1" coveredstatements="1" conditionals="0" coveredconditionals="0" methods="1" coveredmethods="1"/>
        <line num="5" count="7" type="stmt"/>
      </file>
    </package>
    <package name="src.test">
      <metrics statements="1" coveredstatements="1" conditionals="0" coveredconditionals="0" methods="0" coveredmethods="0"/>
      <file name="i18nTestInstance.js" path="C:\Users\wcmch\claude_projects\wcm_portfolio_site\src\test\i18nTestInstance.js">
        <metrics statements="1" coveredstatements="1" conditionals="0" coveredconditionals="0" methods="0" coveredmethods="0"/>
        <line num="16" count="2" type="stmt"/>
      </file>
    </package>
  </project>
</coverage>
