{"C:\\Users\\wcmch\\claude_projects\\wcm_portfolio_site\\src\\components\\home\\ContactBar.jsx": {"path":"C:\\Users\\wcmch\\claude_projects\\wcm_portfolio_site\\src\\components\\home\\ContactBar.jsx","statementMap":{"0":{"start":{"line":2,"column":2},"end":{"line":29,"column":null}}},"fnMap":{"0":{"name":"ContactBar","decl":{"start":{"line":1,"column":16},"end":{"line":1,"column":29}},"loc":{"start":{"line":1,"column":29},"end":{"line":29,"column":null}},"line":1}},"branchMap":{},"s":{"0":5},"f":{"0":5},"b":{},"meta":{"lastBranch":0,"lastFunction":1,"lastStatement":1,"seen":{"f:1:16:1:29":0,"s:2:2:29:Infinity":0}}}
,"C:\\Users\\wcmch\\claude_projects\\wcm_portfolio_site\\src\\components\\home\\HeroSection.jsx": {"path":"C:\\Users\\wcmch\\claude_projects\\wcm_portfolio_site\\src\\components\\home\\HeroSection.jsx","statementMap":{"0":{"start":{"line":4,"column":2},"end":{"line":52,"column":null}},"1":{"start":{"line":46,"column":16},"end":{"line":46,"column":null}}},"fnMap":{"0":{"name":"HeroSection","decl":{"start":{"line":3,"column":16},"end":{"line":3,"column":30}},"loc":{"start":{"line":3,"column":30},"end":{"line":52,"column":null}},"line":3},"1":{"name":"(anonymous_1)","decl":{"start":{"line":45,"column":14},"end":{"line":45,"column":24}},"loc":{"start":{"line":45,"column":30},"end":{"line":46,"column":null}},"line":45}},"branchMap":{},"s":{"0":9,"1":0},"f":{"0":9,"1":0},"b":{},"meta":{"lastBranch":0,"lastFunction":2,"lastStatement":2,"seen":{"f:3:16:3:30":0,"s:4:2:52:Infinity":0,"f:45:14:45:24":1,"s:46:16:46:Infinity":1}}}
,"C:\\Users\\wcmch\\claude_projects\\wcm_portfolio_site\\src\\components\\home\\SkillsSection.jsx": {"path":"C:\\Users\\wcmch\\claude_projects\\wcm_portfolio_site\\src\\components\\home\\SkillsSection.jsx","statementMap":{"0":{"start":{"line":4,"column":2},"end":{"line":44,"column":null}},"1":{"start":{"line":20,"column":16},"end":{"line":24,"column":null}},"2":{"start":{"line":34,"column":16},"end":{"line":38,"column":null}}},"fnMap":{"0":{"name":"SkillsSection","decl":{"start":{"line":3,"column":16},"end":{"line":3,"column":32}},"loc":{"start":{"line":3,"column":32},"end":{"line":44,"column":null}},"line":3},"1":{"name":"(anonymous_1)","decl":{"start":{"line":19,"column":26},"end":{"line":19,"column":31}},"loc":{"start":{"line":20,"column":16},"end":{"line":24,"column":null}},"line":20},"2":{"name":"(anonymous_2)","decl":{"start":{"line":33,"column":31},"end":{"line":33,"column":36}},"loc":{"start":{"line":34,"column":16},"end":{"line":38,"column":null}},"line":34}},"branchMap":{},"s":{"0":9,"1":72,"2":72},"f":{"0":9,"1":72,"2":72},"b":{},"meta":{"lastBranch":0,"lastFunction":3,"lastStatement":3,"seen":{"f:3:16:3:32":0,"s:4:2:44:Infinity":0,"f:19:26:19:31":1,"s:20:16:24:Infinity":1,"f:33:31:33:36":2,"s:34:16:38:Infinity":2}}}
,"C:\\Users\\wcmch\\claude_projects\\wcm_portfolio_site\\src\\components\\layout\\Footer.jsx": {"path":"C:\\Users\\wcmch\\claude_projects\\wcm_portfolio_site\\src\\components\\layout\\Footer.jsx","statementMap":{"0":{"start":{"line":2,"column":2},"end":{"line":27,"column":null}}},"fnMap":{"0":{"name":"Footer","decl":{"start":{"line":1,"column":16},"end":{"line":1,"column":25}},"loc":{"start":{"line":1,"column":25},"end":{"line":27,"column":null}},"line":1}},"branchMap":{},"s":{"0":8},"f":{"0":8},"b":{},"meta":{"lastBranch":0,"lastFunction":1,"lastStatement":1,"seen":{"f:1:16:1:25":0,"s:2:2:27:Infinity":0}}}
,"C:\\Users\\wcmch\\claude_projects\\wcm_portfolio_site\\src\\components\\layout\\Navbar.jsx": {"path":"C:\\Users\\wcmch\\claude_projects\\wcm_portfolio_site\\src\\components\\layout\\Navbar.jsx","statementMap":{"0":{"start":{"line":5,"column":17},"end":{"line":5,"column":45}},"1":{"start":{"line":7,"column":2},"end":{"line":13,"column":null}},"2":{"start":{"line":8,"column":10},"end":{"line":9,"column":null}},"3":{"start":{"line":9,"column":6},"end":{"line":9,"column":null}},"4":{"start":{"line":9,"column":30},"end":{"line":9,"column":null}},"5":{"start":{"line":11,"column":4},"end":{"line":11,"column":null}},"6":{"start":{"line":12,"column":4},"end":{"line":12,"column":null}},"7":{"start":{"line":12,"column":17},"end":{"line":12,"column":71}},"8":{"start":{"line":15,"column":8},"end":{"line":19,"column":null}},"9":{"start":{"line":16,"column":4},"end":{"line":19,"column":null}},"10":{"start":{"line":22,"column":2},"end":{"line":126,"column":null}},"11":{"start":{"line":65,"column":27},"end":{"line":65,"column":45}},"12":{"start":{"line":108,"column":33},"end":{"line":108,"column":49}},"13":{"start":{"line":117,"column":33},"end":{"line":117,"column":49}}},"fnMap":{"0":{"name":"Navbar","decl":{"start":{"line":4,"column":16},"end":{"line":4,"column":25}},"loc":{"start":{"line":4,"column":25},"end":{"line":126,"column":null}},"line":4},"1":{"name":"(anonymous_1)","decl":{"start":{"line":7,"column":2},"end":{"line":7,"column":18}},"loc":{"start":{"line":7,"column":18},"end":{"line":13,"column":7}},"line":7},"2":{"name":"(anonymous_2)","decl":{"start":{"line":8,"column":10},"end":{"line":8,"column":27}},"loc":{"start":{"line":8,"column":33},"end":{"line":9,"column":null}},"line":8},"3":{"name":"(anonymous_3)","decl":{"start":{"line":12,"column":4},"end":{"line":12,"column":17}},"loc":{"start":{"line":12,"column":17},"end":{"line":12,"column":71}},"line":12},"4":{"name":"(anonymous_4)","decl":{"start":{"line":15,"column":8},"end":{"line":15,"column":24}},"loc":{"start":{"line":16,"column":4},"end":{"line":19,"column":null}},"line":16},"5":{"name":"(anonymous_5)","decl":{"start":{"line":65,"column":12},"end":{"line":65,"column":27}},"loc":{"start":{"line":65,"column":27},"end":{"line":65,"column":45}},"line":65},"6":{"name":"(anonymous_6)","decl":{"start":{"line":108,"column":18},"end":{"line":108,"column":33}},"loc":{"start":{"line":108,"column":33},"end":{"line":108,"column":49}},"line":108},"7":{"name":"(anonymous_7)","decl":{"start":{"line":117,"column":18},"end":{"line":117,"column":33}},"loc":{"start":{"line":117,"column":33},"end":{"line":117,"column":49}},"line":117}},"branchMap":{"0":{"loc":{"start":{"line":9,"column":6},"end":{"line":9,"column":null}},"type":"if","locations":[{"start":{"line":9,"column":6},"end":{"line":9,"column":null}},{"start":{},"end":{}}],"line":9},"1":{"loc":{"start":{"line":17,"column":6},"end":{"line":19,"column":null}},"type":"cond-expr","locations":[{"start":{"line":18,"column":10},"end":{"line":18,"column":null}},{"start":{"line":19,"column":10},"end":{"line":19,"column":null}}],"line":17},"2":{"loc":{"start":{"line":64,"column":24},"end":{"line":64,"column":null}},"type":"cond-expr","locations":[{"start":{"line":64,"column":33},"end":{"line":64,"column":59}},{"start":{"line":64,"column":59},"end":{"line":64,"column":null}}],"line":64},"3":{"loc":{"start":{"line":75,"column":15},"end":{"line":88,"column":null}},"type":"cond-expr","locations":[{"start":{"line":76,"column":16},"end":{"line":83,"column":17}},{"start":{"line":83,"column":16},"end":{"line":88,"column":null}}],"line":75},"4":{"loc":{"start":{"line":95,"column":9},"end":{"line":123,"column":null}},"type":"binary-expr","locations":[{"start":{"line":95,"column":9},"end":{"line":95,"column":null}},{"start":{"line":96,"column":10},"end":{"line":123,"column":null}}],"line":95}},"s":{"0":16,"1":16,"2":12,"3":1,"4":1,"5":12,"6":12,"7":12,"8":16,"9":38,"10":16,"11":3,"12":0,"13":0},"f":{"0":16,"1":12,"2":1,"3":12,"4":38,"5":3,"6":0,"7":0},"b":{"0":[1,0],"1":[19,19],"2":[3,13],"3":[3,13],"4":[16,3]},"meta":{"lastBranch":5,"lastFunction":8,"lastStatement":14,"seen":{"f:4:16:4:25":0,"s:5:17:5:45":0,"s:7:2:13:Infinity":1,"f:7:2:7:18":1,"s:8:10:9:Infinity":2,"f:8:10:8:27":2,"b:9:6:9:Infinity:undefined:undefined:undefined:undefined":0,"s:9:6:9:Infinity":3,"s:9:30:9:Infinity":4,"s:11:4:11:Infinity":5,"s:12:4:12:Infinity":6,"f:12:4:12:17":3,"s:12:17:12:71":7,"s:15:8:19:Infinity":8,"f:15:8:15:24":4,"s:16:4:19:Infinity":9,"b:18:10:18:Infinity:19:10:19:Infinity":1,"s:22:2:126:Infinity":10,"b:64:33:64:59:64:59:64:Infinity":2,"f:65:12:65:27":5,"s:65:27:65:45":11,"b:76:16:83:17:83:16:88:Infinity":3,"b:95:9:95:Infinity:96:10:123:Infinity":4,"f:108:18:108:33":6,"s:108:33:108:49":12,"f:117:18:117:33":7,"s:117:33:117:49":13}}}
,"C:\\Users\\wcmch\\claude_projects\\wcm_portfolio_site\\src\\components\\resume\\ExperienceItem.jsx": {"path":"C:\\Users\\wcmch\\claude_projects\\wcm_portfolio_site\\src\\components\\resume\\ExperienceItem.jsx","statementMap":{"0":{"start":{"line":5,"column":2},"end":{"line":53,"column":null}},"1":{"start":{"line":24,"column":16},"end":{"line":26,"column":null}},"2":{"start":{"line":37,"column":12},"end":{"line":51,"column":null}},"3":{"start":{"line":45,"column":20},"end":{"line":47,"column":null}}},"fnMap":{"0":{"name":"ExperienceItem","decl":{"start":{"line":4,"column":16},"end":{"line":4,"column":31}},"loc":{"start":{"line":4,"column":85},"end":{"line":53,"column":null}},"line":4},"1":{"name":"(anonymous_1)","decl":{"start":{"line":23,"column":23},"end":{"line":23,"column":28}},"loc":{"start":{"line":24,"column":16},"end":{"line":26,"column":null}},"line":24},"2":{"name":"(anonymous_2)","decl":{"start":{"line":36,"column":17},"end":{"line":36,"column":22}},"loc":{"start":{"line":37,"column":12},"end":{"line":51,"column":null}},"line":37},"3":{"name":"(anonymous_3)","decl":{"start":{"line":44,"column":32},"end":{"line":44,"column":37}},"loc":{"start":{"line":45,"column":20},"end":{"line":47,"column":null}},"line":45}},"branchMap":{"0":{"loc":{"start":{"line":9,"column":9},"end":{"line":10,"column":null}},"type":"binary-expr","locations":[{"start":{"line":9,"column":9},"end":{"line":9,"column":null}},{"start":{"line":10,"column":10},"end":{"line":10,"column":null}}],"line":9},"1":{"loc":{"start":{"line":15,"column":7},"end":{"line":28,"column":null}},"type":"binary-expr","locations":[{"start":{"line":15,"column":7},"end":{"line":15,"column":17}},{"start":{"line":15,"column":17},"end":{"line":15,"column":null}},{"start":{"line":16,"column":8},"end":{"line":28,"column":null}}],"line":15},"2":{"loc":{"start":{"line":21,"column":11},"end":{"line":28,"column":null}},"type":"binary-expr","locations":[{"start":{"line":21,"column":11},"end":{"line":21,"column":22}},{"start":{"line":21,"column":22},"end":{"line":21,"column":null}},{"start":{"line":22,"column":12},"end":{"line":28,"column":null}}],"line":21},"3":{"loc":{"start":{"line":34,"column":7},"end":{"line":53,"column":null}},"type":"binary-expr","locations":[{"start":{"line":34,"column":7},"end":{"line":34,"column":null}},{"start":{"line":35,"column":8},"end":{"line":53,"column":null}}],"line":34},"4":{"loc":{"start":{"line":42,"column":15},"end":{"line":51,"column":null}},"type":"binary-expr","locations":[{"start":{"line":42,"column":15},"end":{"line":42,"column":31}},{"start":{"line":42,"column":31},"end":{"line":42,"column":null}},{"start":{"line":43,"column":16},"end":{"line":51,"column":null}}],"line":42}},"s":{"0":34,"1":69,"2":41,"3":104},"f":{"0":34,"1":69,"2":41,"3":104},"b":{"0":[34,34],"1":[34,17,17],"2":[17,17,17],"3":[34,17],"4":[41,41,41]},"meta":{"lastBranch":5,"lastFunction":4,"lastStatement":4,"seen":{"f:4:16:4:31":0,"s:5:2:53:Infinity":0,"b:9:9:9:Infinity:10:10:10:Infinity":0,"b:15:7:15:17:15:17:15:Infinity:16:8:28:Infinity":1,"b:21:11:21:22:21:22:21:Infinity:22:12:28:Infinity":2,"f:23:23:23:28":1,"s:24:16:26:Infinity":1,"b:34:7:34:Infinity:35:8:53:Infinity":3,"f:36:17:36:22":2,"s:37:12:51:Infinity":2,"b:42:15:42:31:42:31:42:Infinity:43:16:51:Infinity":4,"f:44:32:44:37":3,"s:45:20:47:Infinity":3}}}
,"C:\\Users\\wcmch\\claude_projects\\wcm_portfolio_site\\src\\components\\resume\\ExperienceList.jsx": {"path":"C:\\Users\\wcmch\\claude_projects\\wcm_portfolio_site\\src\\components\\resume\\ExperienceList.jsx","statementMap":{"0":{"start":{"line":5,"column":2},"end":{"line":17,"column":null}},"1":{"start":{"line":15,"column":10},"end":{"line":15,"column":null}}},"fnMap":{"0":{"name":"ExperienceList","decl":{"start":{"line":4,"column":16},"end":{"line":4,"column":33}},"loc":{"start":{"line":4,"column":33},"end":{"line":17,"column":null}},"line":4},"1":{"name":"(anonymous_1)","decl":{"start":{"line":14,"column":20},"end":{"line":14,"column":25}},"loc":{"start":{"line":15,"column":10},"end":{"line":15,"column":null}},"line":15}},"branchMap":{},"s":{"0":7,"1":28},"f":{"0":7,"1":28},"b":{},"meta":{"lastBranch":0,"lastFunction":2,"lastStatement":2,"seen":{"f:4:16:4:33":0,"s:5:2:17:Infinity":0,"f:14:20:14:25":1,"s:15:10:15:Infinity":1}}}
,"C:\\Users\\wcmch\\claude_projects\\wcm_portfolio_site\\src\\components\\resume\\ResumeSummary.jsx": {"path":"C:\\Users\\wcmch\\claude_projects\\wcm_portfolio_site\\src\\components\\resume\\ResumeSummary.jsx","statementMap":{"0":{"start":{"line":2,"column":2},"end":{"line":14,"column":null}}},"fnMap":{"0":{"name":"ResumeSummary","decl":{"start":{"line":1,"column":16},"end":{"line":1,"column":32}},"loc":{"start":{"line":1,"column":32},"end":{"line":14,"column":null}},"line":1}},"branchMap":{},"s":{"0":7},"f":{"0":7},"b":{},"meta":{"lastBranch":0,"lastFunction":1,"lastStatement":1,"seen":{"f:1:16:1:32":0,"s:2:2:14:Infinity":0}}}
,"C:\\Users\\wcmch\\claude_projects\\wcm_portfolio_site\\src\\data\\experience.js": {"path":"C:\\Users\\wcmch\\claude_projects\\wcm_portfolio_site\\src\\data\\experience.js","statementMap":{"0":{"start":{"line":1,"column":26},"end":{"line":83,"column":null}}},"fnMap":{},"branchMap":{},"s":{"0":3},"f":{},"b":{},"meta":{"lastBranch":0,"lastFunction":0,"lastStatement":1,"seen":{"s:1:26:83:Infinity":0}}}
,"C:\\Users\\wcmch\\claude_projects\\wcm_portfolio_site\\src\\data\\skills.js": {"path":"C:\\Users\\wcmch\\claude_projects\\wcm_portfolio_site\\src\\data\\skills.js","statementMap":{"0":{"start":{"line":1,"column":26},"end":{"line":10,"column":null}},"1":{"start":{"line":12,"column":31},"end":{"line":21,"column":null}}},"fnMap":{},"branchMap":{},"s":{"0":4,"1":4},"f":{},"b":{},"meta":{"lastBranch":0,"lastFunction":0,"lastStatement":2,"seen":{"s:1:26:10:Infinity":0,"s:12:31:21:Infinity":1}}}
,"C:\\Users\\wcmch\\claude_projects\\wcm_portfolio_site\\src\\pages\\Home.jsx": {"path":"C:\\Users\\wcmch\\claude_projects\\wcm_portfolio_site\\src\\pages\\Home.jsx","statementMap":{"0":{"start":{"line":6,"column":2},"end":{"line":10,"column":null}}},"fnMap":{"0":{"name":"Home","decl":{"start":{"line":5,"column":24},"end":{"line":5,"column":31}},"loc":{"start":{"line":5,"column":31},"end":{"line":10,"column":null}},"line":5}},"branchMap":{},"s":{"0":5},"f":{"0":5},"b":{},"meta":{"lastBranch":0,"lastFunction":1,"lastStatement":1,"seen":{"f:5:24:5:31":0,"s:6:2:10:Infinity":0}}}
,"C:\\Users\\wcmch\\claude_projects\\wcm_portfolio_site\\src\\pages\\Resume.jsx": {"path":"C:\\Users\\wcmch\\claude_projects\\wcm_portfolio_site\\src\\pages\\Resume.jsx","statementMap":{"0":{"start":{"line":5,"column":2},"end":{"line":26,"column":null}}},"fnMap":{"0":{"name":"Resume","decl":{"start":{"line":4,"column":24},"end":{"line":4,"column":33}},"loc":{"start":{"line":4,"column":33},"end":{"line":26,"column":null}},"line":4}},"branchMap":{},"s":{"0":7},"f":{"0":7},"b":{},"meta":{"lastBranch":0,"lastFunction":1,"lastStatement":1,"seen":{"f:4:24:4:33":0,"s:5:2:26:Infinity":0}}}
}
