{"C:\\Users\\wcmch\\claude_projects\\wcm_portfolio_site\\public\\locales\\en\\common.json": {"path":"C:\\Users\\wcmch\\claude_projects\\wcm_portfolio_site\\public\\locales\\en\\common.json","statementMap":{},"fnMap":{},"branchMap":{},"s":{},"f":{},"b":{},"meta":{"lastBranch":0,"lastFunction":0,"lastStatement":0,"seen":{}}}
,"C:\\Users\\wcmch\\claude_projects\\wcm_portfolio_site\\public\\locales\\en\\home.json": {"path":"C:\\Users\\wcmch\\claude_projects\\wcm_portfolio_site\\public\\locales\\en\\home.json","statementMap":{},"fnMap":{},"branchMap":{},"s":{},"f":{},"b":{},"meta":{"lastBranch":0,"lastFunction":0,"lastStatement":0,"seen":{}}}
,"C:\\Users\\wcmch\\claude_projects\\wcm_portfolio_site\\public\\locales\\en\\resume.json": {"path":"C:\\Users\\wcmch\\claude_projects\\wcm_portfolio_site\\public\\locales\\en\\resume.json","statementMap":{},"fnMap":{},"branchMap":{},"s":{},"f":{},"b":{},"meta":{"lastBranch":0,"lastFunction":0,"lastStatement":0,"seen":{}}}
,"C:\\Users\\wcmch\\claude_projects\\wcm_portfolio_site\\src\\components\\home\\ContactBar.jsx": {"path":"C:\\Users\\wcmch\\claude_projects\\wcm_portfolio_site\\src\\components\\home\\ContactBar.jsx","statementMap":{"0":{"start":{"line":2,"column":2},"end":{"line":26,"column":null}}},"fnMap":{"0":{"name":"ContactBar","decl":{"start":{"line":1,"column":16},"end":{"line":1,"column":29}},"loc":{"start":{"line":1,"column":29},"end":{"line":26,"column":null}},"line":1}},"branchMap":{},"s":{"0":5},"f":{"0":5},"b":{},"meta":{"lastBranch":0,"lastFunction":1,"lastStatement":1,"seen":{"f:1:16:1:29":0,"s:2:2:26:Infinity":0}}}
,"C:\\Users\\wcmch\\claude_projects\\wcm_portfolio_site\\src\\components\\home\\HeroSection.jsx": {"path":"C:\\Users\\wcmch\\claude_projects\\wcm_portfolio_site\\src\\components\\home\\HeroSection.jsx","statementMap":{"0":{"start":{"line":4,"column":2},"end":{"line":55,"column":null}},"1":{"start":{"line":49,"column":16},"end":{"line":49,"column":null}}},"fnMap":{"0":{"name":"HeroSection","decl":{"start":{"line":3,"column":16},"end":{"line":3,"column":30}},"loc":{"start":{"line":3,"column":30},"end":{"line":55,"column":null}},"line":3},"1":{"name":"(anonymous_1)","decl":{"start":{"line":48,"column":14},"end":{"line":48,"column":24}},"loc":{"start":{"line":48,"column":30},"end":{"line":49,"column":null}},"line":48}},"branchMap":{},"s":{"0":9,"1":0},"f":{"0":9,"1":0},"b":{},"meta":{"lastBranch":0,"lastFunction":2,"lastStatement":2,"seen":{"f:3:16:3:30":0,"s:4:2:55:Infinity":0,"f:48:14:48:24":1,"s:49:16:49:Infinity":1}}}
,"C:\\Users\\wcmch\\claude_projects\\wcm_portfolio_site\\src\\components\\home\\SkillsSection.jsx": {"path":"C:\\Users\\wcmch\\claude_projects\\wcm_portfolio_site\\src\\components\\home\\SkillsSection.jsx","statementMap":{"0":{"start":{"line":5,"column":10},"end":{"line":5,"column":38}},"1":{"start":{"line":7,"column":2},"end":{"line":54,"column":null}},"2":{"start":{"line":28,"column":16},"end":{"line":32,"column":null}},"3":{"start":{"line":44,"column":16},"end":{"line":48,"column":null}}},"fnMap":{"0":{"name":"SkillsSection","decl":{"start":{"line":4,"column":16},"end":{"line":4,"column":32}},"loc":{"start":{"line":4,"column":32},"end":{"line":54,"column":null}},"line":4},"1":{"name":"(anonymous_1)","decl":{"start":{"line":27,"column":29},"end":{"line":27,"column":34}},"loc":{"start":{"line":28,"column":16},"end":{"line":32,"column":null}},"line":28},"2":{"name":"(anonymous_2)","decl":{"start":{"line":43,"column":34},"end":{"line":43,"column":39}},"loc":{"start":{"line":44,"column":16},"end":{"line":48,"column":null}},"line":44}},"branchMap":{},"s":{"0":11,"1":11,"2":88,"3":88},"f":{"0":11,"1":88,"2":88},"b":{},"meta":{"lastBranch":0,"lastFunction":3,"lastStatement":4,"seen":{"f:4:16:4:32":0,"s:5:10:5:38":0,"s:7:2:54:Infinity":1,"f:27:29:27:34":1,"s:28:16:32:Infinity":2,"f:43:34:43:39":2,"s:44:16:48:Infinity":3}}}
,"C:\\Users\\wcmch\\claude_projects\\wcm_portfolio_site\\src\\components\\layout\\Footer.jsx": {"path":"C:\\Users\\wcmch\\claude_projects\\wcm_portfolio_site\\src\\components\\layout\\Footer.jsx","statementMap":{"0":{"start":{"line":2,"column":2},"end":{"line":28,"column":null}}},"fnMap":{"0":{"name":"Footer","decl":{"start":{"line":1,"column":16},"end":{"line":1,"column":25}},"loc":{"start":{"line":1,"column":25},"end":{"line":28,"column":null}},"line":1}},"branchMap":{},"s":{"0":8},"f":{"0":8},"b":{},"meta":{"lastBranch":0,"lastFunction":1,"lastStatement":1,"seen":{"f:1:16:1:25":0,"s:2:2:28:Infinity":0}}}
,"C:\\Users\\wcmch\\claude_projects\\wcm_portfolio_site\\src\\components\\layout\\Navbar.jsx": {"path":"C:\\Users\\wcmch\\claude_projects\\wcm_portfolio_site\\src\\components\\layout\\Navbar.jsx","statementMap":{"0":{"start":{"line":5,"column":17},"end":{"line":5,"column":45}},"1":{"start":{"line":7,"column":2},"end":{"line":13,"column":null}},"2":{"start":{"line":8,"column":10},"end":{"line":9,"column":null}},"3":{"start":{"line":9,"column":6},"end":{"line":9,"column":null}},"4":{"start":{"line":9,"column":30},"end":{"line":9,"column":null}},"5":{"start":{"line":11,"column":4},"end":{"line":11,"column":null}},"6":{"start":{"line":12,"column":4},"end":{"line":12,"column":null}},"7":{"start":{"line":12,"column":17},"end":{"line":12,"column":71}},"8":{"start":{"line":15,"column":8},"end":{"line":19,"column":null}},"9":{"start":{"line":16,"column":4},"end":{"line":19,"column":null}},"10":{"start":{"line":22,"column":2},"end":{"line":134,"column":null}},"11":{"start":{"line":70,"column":27},"end":{"line":70,"column":45}},"12":{"start":{"line":116,"column":33},"end":{"line":116,"column":49}},"13":{"start":{"line":125,"column":33},"end":{"line":125,"column":49}}},"fnMap":{"0":{"name":"Navbar","decl":{"start":{"line":4,"column":16},"end":{"line":4,"column":25}},"loc":{"start":{"line":4,"column":25},"end":{"line":134,"column":null}},"line":4},"1":{"name":"(anonymous_1)","decl":{"start":{"line":7,"column":2},"end":{"line":7,"column":18}},"loc":{"start":{"line":7,"column":18},"end":{"line":13,"column":7}},"line":7},"2":{"name":"(anonymous_2)","decl":{"start":{"line":8,"column":10},"end":{"line":8,"column":27}},"loc":{"start":{"line":8,"column":33},"end":{"line":9,"column":null}},"line":8},"3":{"name":"(anonymous_3)","decl":{"start":{"line":12,"column":4},"end":{"line":12,"column":17}},"loc":{"start":{"line":12,"column":17},"end":{"line":12,"column":71}},"line":12},"4":{"name":"(anonymous_4)","decl":{"start":{"line":15,"column":8},"end":{"line":15,"column":24}},"loc":{"start":{"line":16,"column":4},"end":{"line":19,"column":null}},"line":16},"5":{"name":"(anonymous_5)","decl":{"start":{"line":70,"column":12},"end":{"line":70,"column":27}},"loc":{"start":{"line":70,"column":27},"end":{"line":70,"column":45}},"line":70},"6":{"name":"(anonymous_6)","decl":{"start":{"line":116,"column":18},"end":{"line":116,"column":33}},"loc":{"start":{"line":116,"column":33},"end":{"line":116,"column":49}},"line":116},"7":{"name":"(anonymous_7)","decl":{"start":{"line":125,"column":18},"end":{"line":125,"column":33}},"loc":{"start":{"line":125,"column":33},"end":{"line":125,"column":49}},"line":125}},"branchMap":{"0":{"loc":{"start":{"line":9,"column":6},"end":{"line":9,"column":null}},"type":"if","locations":[{"start":{"line":9,"column":6},"end":{"line":9,"column":null}},{"start":{},"end":{}}],"line":9},"1":{"loc":{"start":{"line":17,"column":6},"end":{"line":19,"column":null}},"type":"cond-expr","locations":[{"start":{"line":18,"column":10},"end":{"line":18,"column":null}},{"start":{"line":19,"column":10},"end":{"line":19,"column":null}}],"line":17},"2":{"loc":{"start":{"line":68,"column":14},"end":{"line":68,"column":null}},"type":"cond-expr","locations":[{"start":{"line":68,"column":23},"end":{"line":68,"column":49}},{"start":{"line":68,"column":49},"end":{"line":68,"column":null}}],"line":68},"3":{"loc":{"start":{"line":80,"column":15},"end":{"line":93,"column":null}},"type":"cond-expr","locations":[{"start":{"line":81,"column":16},"end":{"line":88,"column":17}},{"start":{"line":88,"column":16},"end":{"line":93,"column":null}}],"line":80},"4":{"loc":{"start":{"line":100,"column":9},"end":{"line":131,"column":null}},"type":"binary-expr","locations":[{"start":{"line":100,"column":9},"end":{"line":100,"column":null}},{"start":{"line":101,"column":10},"end":{"line":131,"column":null}}],"line":100}},"s":{"0":16,"1":16,"2":12,"3":1,"4":1,"5":12,"6":12,"7":12,"8":16,"9":38,"10":16,"11":3,"12":0,"13":0},"f":{"0":16,"1":12,"2":1,"3":12,"4":38,"5":3,"6":0,"7":0},"b":{"0":[1,0],"1":[19,19],"2":[3,13],"3":[3,13],"4":[16,3]},"meta":{"lastBranch":5,"lastFunction":8,"lastStatement":14,"seen":{"f:4:16:4:25":0,"s:5:17:5:45":0,"s:7:2:13:Infinity":1,"f:7:2:7:18":1,"s:8:10:9:Infinity":2,"f:8:10:8:27":2,"b:9:6:9:Infinity:undefined:undefined:undefined:undefined":0,"s:9:6:9:Infinity":3,"s:9:30:9:Infinity":4,"s:11:4:11:Infinity":5,"s:12:4:12:Infinity":6,"f:12:4:12:17":3,"s:12:17:12:71":7,"s:15:8:19:Infinity":8,"f:15:8:15:24":4,"s:16:4:19:Infinity":9,"b:18:10:18:Infinity:19:10:19:Infinity":1,"s:22:2:134:Infinity":10,"b:68:23:68:49:68:49:68:Infinity":2,"f:70:12:70:27":5,"s:70:27:70:45":11,"b:81:16:88:17:88:16:93:Infinity":3,"b:100:9:100:Infinity:101:10:131:Infinity":4,"f:116:18:116:33":6,"s:116:33:116:49":12,"f:125:18:125:33":7,"s:125:33:125:49":13}}}
,"C:\\Users\\wcmch\\claude_projects\\wcm_portfolio_site\\src\\components\\resume\\ExperienceItem.jsx": {"path":"C:\\Users\\wcmch\\claude_projects\\wcm_portfolio_site\\src\\components\\resume\\ExperienceItem.jsx","statementMap":{"0":{"start":{"line":8,"column":8},"end":{"line":8,"column":48}},"1":{"start":{"line":9,"column":2},"end":{"line":9,"column":null}},"2":{"start":{"line":37,"column":2},"end":{"line":95,"column":null}},"3":{"start":{"line":58,"column":16},"end":{"line":63,"column":null}},"4":{"start":{"line":74,"column":12},"end":{"line":93,"column":null}},"5":{"start":{"line":84,"column":20},"end":{"line":89,"column":null}}},"fnMap":{"0":{"name":"DateRange","decl":{"start":{"line":7,"column":9},"end":{"line":7,"column":19}},"loc":{"start":{"line":7,"column":43},"end":{"line":9,"column":null}},"line":7},"1":{"name":"ExperienceItem","decl":{"start":{"line":28,"column":16},"end":{"line":28,"column":31}},"loc":{"start":{"line":36,"column":3},"end":{"line":95,"column":null}},"line":36},"2":{"name":"(anonymous_2)","decl":{"start":{"line":57,"column":23},"end":{"line":57,"column":28}},"loc":{"start":{"line":58,"column":16},"end":{"line":63,"column":null}},"line":58},"3":{"name":"(anonymous_3)","decl":{"start":{"line":73,"column":17},"end":{"line":73,"column":22}},"loc":{"start":{"line":74,"column":12},"end":{"line":93,"column":null}},"line":74},"4":{"name":"(anonymous_4)","decl":{"start":{"line":83,"column":32},"end":{"line":83,"column":37}},"loc":{"start":{"line":84,"column":20},"end":{"line":89,"column":null}},"line":84}},"branchMap":{"0":{"loc":{"start":{"line":41,"column":9},"end":{"line":43,"column":null}},"type":"binary-expr","locations":[{"start":{"line":41,"column":9},"end":{"line":41,"column":null}},{"start":{"line":42,"column":10},"end":{"line":43,"column":null}}],"line":41},"1":{"loc":{"start":{"line":49,"column":7},"end":{"line":65,"column":null}},"type":"binary-expr","locations":[{"start":{"line":49,"column":7},"end":{"line":49,"column":17}},{"start":{"line":49,"column":17},"end":{"line":49,"column":null}},{"start":{"line":50,"column":8},"end":{"line":65,"column":null}}],"line":49},"2":{"loc":{"start":{"line":55,"column":11},"end":{"line":65,"column":null}},"type":"binary-expr","locations":[{"start":{"line":55,"column":11},"end":{"line":55,"column":22}},{"start":{"line":55,"column":22},"end":{"line":55,"column":null}},{"start":{"line":56,"column":12},"end":{"line":65,"column":null}}],"line":55},"3":{"loc":{"start":{"line":71,"column":7},"end":{"line":95,"column":null}},"type":"binary-expr","locations":[{"start":{"line":71,"column":7},"end":{"line":71,"column":null}},{"start":{"line":72,"column":8},"end":{"line":95,"column":null}}],"line":71},"4":{"loc":{"start":{"line":81,"column":15},"end":{"line":93,"column":null}},"type":"binary-expr","locations":[{"start":{"line":81,"column":15},"end":{"line":81,"column":31}},{"start":{"line":81,"column":31},"end":{"line":81,"column":null}},{"start":{"line":82,"column":16},"end":{"line":93,"column":null}}],"line":81}},"s":{"0":62,"1":62,"2":37,"3":72,"4":43,"5":106},"f":{"0":62,"1":37,"2":72,"3":43,"4":106},"b":{"0":[37,37],"1":[37,19,19],"2":[19,19,19],"3":[37,18],"4":[43,43,43]},"meta":{"lastBranch":5,"lastFunction":5,"lastStatement":6,"seen":{"f:7:9:7:19":0,"s:8:8:8:48":0,"s:9:2:9:Infinity":1,"f:28:16:28:31":1,"s:37:2:95:Infinity":2,"b:41:9:41:Infinity:42:10:43:Infinity":0,"b:49:7:49:17:49:17:49:Infinity:50:8:65:Infinity":1,"b:55:11:55:22:55:22:55:Infinity:56:12:65:Infinity":2,"f:57:23:57:28":2,"s:58:16:63:Infinity":3,"b:71:7:71:Infinity:72:8:95:Infinity":3,"f:73:17:73:22":3,"s:74:12:93:Infinity":4,"b:81:15:81:31:81:31:81:Infinity:82:16:93:Infinity":4,"f:83:32:83:37":4,"s:84:20:89:Infinity":5}}}
,"C:\\Users\\wcmch\\claude_projects\\wcm_portfolio_site\\src\\components\\resume\\ExperienceList.jsx": {"path":"C:\\Users\\wcmch\\claude_projects\\wcm_portfolio_site\\src\\components\\resume\\ExperienceList.jsx","statementMap":{"0":{"start":{"line":5,"column":2},"end":{"line":17,"column":null}},"1":{"start":{"line":15,"column":10},"end":{"line":15,"column":null}}},"fnMap":{"0":{"name":"ExperienceList","decl":{"start":{"line":4,"column":16},"end":{"line":4,"column":33}},"loc":{"start":{"line":4,"column":33},"end":{"line":17,"column":null}},"line":4},"1":{"name":"(anonymous_1)","decl":{"start":{"line":14,"column":20},"end":{"line":14,"column":25}},"loc":{"start":{"line":15,"column":10},"end":{"line":15,"column":null}},"line":15}},"branchMap":{},"s":{"0":7,"1":28},"f":{"0":7,"1":28},"b":{},"meta":{"lastBranch":0,"lastFunction":2,"lastStatement":2,"seen":{"f:4:16:4:33":0,"s:5:2:17:Infinity":0,"f:14:20:14:25":1,"s:15:10:15:Infinity":1}}}
,"C:\\Users\\wcmch\\claude_projects\\wcm_portfolio_site\\src\\components\\resume\\ResumeSummary.jsx": {"path":"C:\\Users\\wcmch\\claude_projects\\wcm_portfolio_site\\src\\components\\resume\\ResumeSummary.jsx","statementMap":{"0":{"start":{"line":2,"column":2},"end":{"line":15,"column":null}}},"fnMap":{"0":{"name":"ResumeSummary","decl":{"start":{"line":1,"column":16},"end":{"line":1,"column":32}},"loc":{"start":{"line":1,"column":32},"end":{"line":15,"column":null}},"line":1}},"branchMap":{},"s":{"0":7},"f":{"0":7},"b":{},"meta":{"lastBranch":0,"lastFunction":1,"lastStatement":1,"seen":{"f:1:16:1:32":0,"s:2:2:15:Infinity":0}}}
,"C:\\Users\\wcmch\\claude_projects\\wcm_portfolio_site\\src\\data\\experience.js": {"path":"C:\\Users\\wcmch\\claude_projects\\wcm_portfolio_site\\src\\data\\experience.js","statementMap":{"0":{"start":{"line":1,"column":26},"end":{"line":94,"column":null}}},"fnMap":{},"branchMap":{},"s":{"0":3},"f":{},"b":{},"meta":{"lastBranch":0,"lastFunction":0,"lastStatement":1,"seen":{"s:1:26:94:Infinity":0}}}
,"C:\\Users\\wcmch\\claude_projects\\wcm_portfolio_site\\src\\data\\skills.js": {"path":"C:\\Users\\wcmch\\claude_projects\\wcm_portfolio_site\\src\\data\\skills.js","statementMap":{"0":{"start":{"line":8,"column":29},"end":{"line":17,"column":null}},"1":{"start":{"line":19,"column":34},"end":{"line":28,"column":null}}},"fnMap":{},"branchMap":{},"s":{"0":4,"1":4},"f":{},"b":{},"meta":{"lastBranch":0,"lastFunction":0,"lastStatement":2,"seen":{"s:8:29:17:Infinity":0,"s:19:34:28:Infinity":1}}}
,"C:\\Users\\wcmch\\claude_projects\\wcm_portfolio_site\\src\\hooks\\useDateRange.js": {"path":"C:\\Users\\wcmch\\claude_projects\\wcm_portfolio_site\\src\\hooks\\useDateRange.js","statementMap":{"0":{"start":{"line":12,"column":16},"end":{"line":12,"column":46}},"1":{"start":{"line":14,"column":14},"end":{"line":19,"column":4}},"2":{"start":{"line":21,"column":16},"end":{"line":21,"column":73}},"3":{"start":{"line":22,"column":14},"end":{"line":24,"column":24}},"4":{"start":{"line":26,"column":2},"end":{"line":26,"column":null}}},"fnMap":{"0":{"name":"useDateRange","decl":{"start":{"line":11,"column":16},"end":{"line":11,"column":29}},"loc":{"start":{"line":11,"column":49},"end":{"line":26,"column":null}},"line":11}},"branchMap":{"0":{"loc":{"start":{"line":22,"column":14},"end":{"line":24,"column":24}},"type":"cond-expr","locations":[{"start":{"line":23,"column":6},"end":{"line":23,"column":59}},{"start":{"line":24,"column":6},"end":{"line":24,"column":24}}],"line":22}},"s":{"0":67,"1":67,"2":67,"3":67,"4":67},"f":{"0":67},"b":{"0":[52,15]},"meta":{"lastBranch":1,"lastFunction":1,"lastStatement":5,"seen":{"f:11:16:11:29":0,"s:12:16:12:46":0,"s:14:14:19:4":1,"s:21:16:21:73":2,"s:22:14:24:24":3,"b:23:6:23:59:24:6:24:24":0,"s:26:2:26:Infinity":4}}}
,"C:\\Users\\wcmch\\claude_projects\\wcm_portfolio_site\\src\\pages\\Home.jsx": {"path":"C:\\Users\\wcmch\\claude_projects\\wcm_portfolio_site\\src\\pages\\Home.jsx","statementMap":{"0":{"start":{"line":6,"column":2},"end":{"line":10,"column":null}}},"fnMap":{"0":{"name":"Home","decl":{"start":{"line":5,"column":24},"end":{"line":5,"column":31}},"loc":{"start":{"line":5,"column":31},"end":{"line":10,"column":null}},"line":5}},"branchMap":{},"s":{"0":5},"f":{"0":5},"b":{},"meta":{"lastBranch":0,"lastFunction":1,"lastStatement":1,"seen":{"f:5:24:5:31":0,"s:6:2:10:Infinity":0}}}
,"C:\\Users\\wcmch\\claude_projects\\wcm_portfolio_site\\src\\pages\\Resume.jsx": {"path":"C:\\Users\\wcmch\\claude_projects\\wcm_portfolio_site\\src\\pages\\Resume.jsx","statementMap":{"0":{"start":{"line":5,"column":2},"end":{"line":32,"column":null}}},"fnMap":{"0":{"name":"Resume","decl":{"start":{"line":4,"column":24},"end":{"line":4,"column":33}},"loc":{"start":{"line":4,"column":33},"end":{"line":32,"column":null}},"line":4}},"branchMap":{},"s":{"0":7},"f":{"0":7},"b":{},"meta":{"lastBranch":0,"lastFunction":1,"lastStatement":1,"seen":{"f:4:24:4:33":0,"s:5:2:32:Infinity":0}}}
,"C:\\Users\\wcmch\\claude_projects\\wcm_portfolio_site\\src\\test\\i18nTestInstance.js": {"path":"C:\\Users\\wcmch\\claude_projects\\wcm_portfolio_site\\src\\test\\i18nTestInstance.js","statementMap":{"0":{"start":{"line":16,"column":0},"end":{"line":29,"column":null}}},"fnMap":{},"branchMap":{},"s":{"0":3},"f":{},"b":{},"meta":{"lastBranch":0,"lastFunction":0,"lastStatement":1,"seen":{"s:16:0:29:Infinity":0}}}
}
